mode: atomic
github.com/junjiewwang/service-template/cmd/tcs-gen/main.go:10.13,11.43 1 0
github.com/junjiewwang/service-template/cmd/tcs-gen/main.go:11.43,14.3 2 0
github.com/junjiewwang/service-template/cmd/tcs-gen/commands/generate.go:22.13,24.2 1 0
github.com/junjiewwang/service-template/cmd/tcs-gen/commands/generate.go:26.59,32.16 4 0
github.com/junjiewwang/service-template/cmd/tcs-gen/commands/generate.go:32.16,34.3 1 0
github.com/junjiewwang/service-template/cmd/tcs-gen/commands/generate.go:37.2,37.21 1 0
github.com/junjiewwang/service-template/cmd/tcs-gen/commands/generate.go:37.21,40.46 3 0
github.com/junjiewwang/service-template/cmd/tcs-gen/commands/generate.go:40.46,42.4 1 0
github.com/junjiewwang/service-template/cmd/tcs-gen/commands/generate.go:43.3,43.44 1 0
github.com/junjiewwang/service-template/cmd/tcs-gen/commands/generate.go:47.2,49.39 3 0
github.com/junjiewwang/service-template/cmd/tcs-gen/commands/generate.go:49.39,51.3 1 0
github.com/junjiewwang/service-template/cmd/tcs-gen/commands/generate.go:53.2,60.12 7 0
github.com/junjiewwang/service-template/cmd/tcs-gen/commands/init.go:21.55,23.34 1 0
github.com/junjiewwang/service-template/cmd/tcs-gen/commands/init.go:23.34,25.3 1 0
github.com/junjiewwang/service-template/cmd/tcs-gen/commands/init.go:28.2,28.77 1 0
github.com/junjiewwang/service-template/cmd/tcs-gen/commands/init.go:28.77,30.3 1 0
github.com/junjiewwang/service-template/cmd/tcs-gen/commands/init.go:32.2,38.12 6 0
github.com/junjiewwang/service-template/cmd/tcs-gen/commands/init.go:41.37,42.30 1 0
github.com/junjiewwang/service-template/cmd/tcs-gen/commands/init.go:42.30,44.3 1 0
github.com/junjiewwang/service-template/cmd/tcs-gen/commands/init.go:47.2,113.2 1 0
github.com/junjiewwang/service-template/cmd/tcs-gen/commands/root.go:24.22,26.2 1 0
github.com/junjiewwang/service-template/cmd/tcs-gen/commands/root.go:28.13,31.16 2 0
github.com/junjiewwang/service-template/cmd/tcs-gen/commands/root.go:31.16,33.3 1 0
github.com/junjiewwang/service-template/cmd/tcs-gen/commands/root.go:36.2,44.32 7 0
github.com/junjiewwang/service-template/cmd/tcs-gen/commands/root.go:50.47,52.3 1 0
github.com/junjiewwang/service-template/cmd/tcs-gen/commands/validate.go:17.59,21.16 3 0
github.com/junjiewwang/service-template/cmd/tcs-gen/commands/validate.go:21.16,23.3 1 0
github.com/junjiewwang/service-template/cmd/tcs-gen/commands/validate.go:26.2,27.45 2 0
github.com/junjiewwang/service-template/cmd/tcs-gen/commands/validate.go:27.45,29.3 1 0
github.com/junjiewwang/service-template/cmd/tcs-gen/commands/validate.go:31.2,35.26 5 0
github.com/junjiewwang/service-template/cmd/tcs-gen/commands/validate.go:35.26,37.3 1 0
github.com/junjiewwang/service-template/cmd/tcs-gen/commands/validate.go:39.2,39.12 1 0
github.com/junjiewwang/service-template/pkg/config/loader.go:16.43,20.2 1 0
github.com/junjiewwang/service-template/pkg/config/loader.go:23.49,25.16 2 0
github.com/junjiewwang/service-template/pkg/config/loader.go:25.16,27.3 1 0
github.com/junjiewwang/service-template/pkg/config/loader.go:29.2,30.54 2 0
github.com/junjiewwang/service-template/pkg/config/loader.go:30.54,32.3 1 0
github.com/junjiewwang/service-template/pkg/config/loader.go:34.2,34.21 1 0
github.com/junjiewwang/service-template/pkg/config/loader.go:38.57,40.54 2 3
github.com/junjiewwang/service-template/pkg/config/loader.go:40.54,42.3 1 1
github.com/junjiewwang/service-template/pkg/config/loader.go:44.2,44.21 1 2
github.com/junjiewwang/service-template/pkg/config/loader.go:48.52,50.16 2 0
github.com/junjiewwang/service-template/pkg/config/loader.go:50.16,52.3 1 0
github.com/junjiewwang/service-template/pkg/config/loader.go:54.2,54.63 1 0
github.com/junjiewwang/service-template/pkg/config/loader.go:54.63,56.3 1 0
github.com/junjiewwang/service-template/pkg/config/loader.go:58.2,58.12 1 0
github.com/junjiewwang/service-template/pkg/config/validator.go:15.53,20.2 1 9
github.com/junjiewwang/service-template/pkg/config/validator.go:23.38,31.23 7 9
github.com/junjiewwang/service-template/pkg/config/validator.go:31.23,33.3 1 7
github.com/junjiewwang/service-template/pkg/config/validator.go:35.2,35.12 1 2
github.com/junjiewwang/service-template/pkg/config/validator.go:38.39,39.33 1 9
github.com/junjiewwang/service-template/pkg/config/validator.go:39.33,41.3 1 1
github.com/junjiewwang/service-template/pkg/config/validator.go:43.2,43.38 1 9
github.com/junjiewwang/service-template/pkg/config/validator.go:43.38,45.3 1 0
github.com/junjiewwang/service-template/pkg/config/validator.go:47.2,47.46 1 9
github.com/junjiewwang/service-template/pkg/config/validator.go:47.46,48.22 1 9
github.com/junjiewwang/service-template/pkg/config/validator.go:48.22,50.4 1 0
github.com/junjiewwang/service-template/pkg/config/validator.go:51.3,51.42 1 9
github.com/junjiewwang/service-template/pkg/config/validator.go:51.42,53.4 1 1
github.com/junjiewwang/service-template/pkg/config/validator.go:54.3,54.26 1 9
github.com/junjiewwang/service-template/pkg/config/validator.go:54.26,56.4 1 0
github.com/junjiewwang/service-template/pkg/config/validator.go:59.2,59.38 1 9
github.com/junjiewwang/service-template/pkg/config/validator.go:59.38,61.3 1 0
github.com/junjiewwang/service-template/pkg/config/validator.go:64.40,73.34 2 9
github.com/junjiewwang/service-template/pkg/config/validator.go:73.34,75.3 1 0
github.com/junjiewwang/service-template/pkg/config/validator.go:75.8,75.52 1 9
github.com/junjiewwang/service-template/pkg/config/validator.go:75.52,77.3 1 1
github.com/junjiewwang/service-template/pkg/config/validator.go:79.2,79.37 1 9
github.com/junjiewwang/service-template/pkg/config/validator.go:79.37,81.3 1 0
github.com/junjiewwang/service-template/pkg/config/validator.go:84.37,85.45 1 9
github.com/junjiewwang/service-template/pkg/config/validator.go:85.45,87.3 1 0
github.com/junjiewwang/service-template/pkg/config/validator.go:88.2,88.45 1 9
github.com/junjiewwang/service-template/pkg/config/validator.go:88.45,90.3 1 0
github.com/junjiewwang/service-template/pkg/config/validator.go:92.2,92.45 1 9
github.com/junjiewwang/service-template/pkg/config/validator.go:92.45,94.3 1 0
github.com/junjiewwang/service-template/pkg/config/validator.go:95.2,95.45 1 9
github.com/junjiewwang/service-template/pkg/config/validator.go:95.45,97.3 1 0
github.com/junjiewwang/service-template/pkg/config/validator.go:99.2,99.41 1 9
github.com/junjiewwang/service-template/pkg/config/validator.go:99.41,101.3 1 1
github.com/junjiewwang/service-template/pkg/config/validator.go:103.2,103.36 1 9
github.com/junjiewwang/service-template/pkg/config/validator.go:103.36,105.3 1 0
github.com/junjiewwang/service-template/pkg/config/validator.go:108.39,109.42 1 9
github.com/junjiewwang/service-template/pkg/config/validator.go:109.42,110.24 1 0
github.com/junjiewwang/service-template/pkg/config/validator.go:110.24,112.4 1 0
github.com/junjiewwang/service-template/pkg/config/validator.go:113.3,113.31 1 0
github.com/junjiewwang/service-template/pkg/config/validator.go:113.31,115.4 1 0
github.com/junjiewwang/service-template/pkg/config/validator.go:116.3,116.30 1 0
github.com/junjiewwang/service-template/pkg/config/validator.go:116.30,118.4 1 0
github.com/junjiewwang/service-template/pkg/config/validator.go:119.3,119.34 1 0
github.com/junjiewwang/service-template/pkg/config/validator.go:119.34,121.4 1 0
github.com/junjiewwang/service-template/pkg/config/validator.go:125.39,126.42 1 9
github.com/junjiewwang/service-template/pkg/config/validator.go:126.42,134.53 2 5
github.com/junjiewwang/service-template/pkg/config/validator.go:134.53,136.4 1 1
github.com/junjiewwang/service-template/pkg/config/validator.go:138.3,138.50 1 5
github.com/junjiewwang/service-template/pkg/config/validator.go:138.50,139.52 1 3
github.com/junjiewwang/service-template/pkg/config/validator.go:139.52,141.5 1 1
github.com/junjiewwang/service-template/pkg/config/validator.go:142.4,142.51 1 3
github.com/junjiewwang/service-template/pkg/config/validator.go:142.51,144.5 1 0
github.com/junjiewwang/service-template/pkg/config/validator.go:147.3,147.103 1 5
github.com/junjiewwang/service-template/pkg/config/validator.go:147.103,149.4 1 1
github.com/junjiewwang/service-template/pkg/config/validator.go:152.2,152.44 1 9
github.com/junjiewwang/service-template/pkg/config/validator.go:152.44,154.3 1 0
github.com/junjiewwang/service-template/pkg/config/validator.go:157.40,158.42 1 9
github.com/junjiewwang/service-template/pkg/config/validator.go:158.42,166.114 2 0
github.com/junjiewwang/service-template/pkg/config/validator.go:166.114,168.4 1 0
github.com/junjiewwang/service-template/pkg/config/validator.go:170.3,170.51 1 0
github.com/junjiewwang/service-template/pkg/config/validator.go:170.51,172.4 1 0
github.com/junjiewwang/service-template/pkg/config/validator.go:175.2,175.56 1 9
github.com/junjiewwang/service-template/pkg/config/validator.go:175.56,176.23 1 0
github.com/junjiewwang/service-template/pkg/config/validator.go:176.23,178.4 1 0
github.com/junjiewwang/service-template/pkg/config/validator.go:179.3,179.23 1 0
github.com/junjiewwang/service-template/pkg/config/validator.go:179.23,181.4 1 0
github.com/junjiewwang/service-template/pkg/config/validator.go:182.3,182.49 1 0
github.com/junjiewwang/service-template/pkg/config/validator.go:182.49,184.4 1 0
github.com/junjiewwang/service-template/pkg/generator/compose.go:19.133,26.2 1 8
github.com/junjiewwang/service-template/pkg/generator/compose.go:29.55,34.56 3 8
github.com/junjiewwang/service-template/pkg/generator/compose.go:34.56,36.3 1 0
github.com/junjiewwang/service-template/pkg/generator/compose.go:36.8,39.3 1 8
github.com/junjiewwang/service-template/pkg/generator/compose.go:42.2,44.55 2 8
github.com/junjiewwang/service-template/pkg/generator/compose.go:48.73,62.46 6 8
github.com/junjiewwang/service-template/pkg/generator/compose.go:62.46,68.3 1 9
github.com/junjiewwang/service-template/pkg/generator/compose.go:69.2,80.56 5 8
github.com/junjiewwang/service-template/pkg/generator/compose.go:80.56,85.3 1 1
github.com/junjiewwang/service-template/pkg/generator/compose.go:86.2,107.13 15 8
github.com/junjiewwang/service-template/pkg/generator/compose.go:111.63,193.2 1 8
github.com/junjiewwang/service-template/pkg/generator/configmap.go:19.116,25.2 1 4
github.com/junjiewwang/service-template/pkg/generator/configmap.go:28.57,39.55 8 4
github.com/junjiewwang/service-template/pkg/generator/configmap.go:39.55,41.3 1 0
github.com/junjiewwang/service-template/pkg/generator/configmap.go:43.2,50.56 6 4
github.com/junjiewwang/service-template/pkg/generator/configmap.go:50.56,51.55 1 0
github.com/junjiewwang/service-template/pkg/generator/configmap.go:51.55,56.4 4 0
github.com/junjiewwang/service-template/pkg/generator/configmap.go:59.2,59.25 1 4
github.com/junjiewwang/service-template/pkg/generator/configmap.go:63.61,67.39 3 0
github.com/junjiewwang/service-template/pkg/generator/configmap.go:67.39,68.23 1 0
github.com/junjiewwang/service-template/pkg/generator/configmap.go:68.23,70.4 1 0
github.com/junjiewwang/service-template/pkg/generator/configmap.go:73.2,73.14 1 0
github.com/junjiewwang/service-template/pkg/generator/devops.go:20.131,27.2 1 14
github.com/junjiewwang/service-template/pkg/generator/devops.go:30.54,35.56 3 12
github.com/junjiewwang/service-template/pkg/generator/devops.go:35.56,37.3 1 1
github.com/junjiewwang/service-template/pkg/generator/devops.go:37.8,40.3 1 11
github.com/junjiewwang/service-template/pkg/generator/devops.go:43.2,45.55 2 12
github.com/junjiewwang/service-template/pkg/generator/devops.go:49.72,82.2 18 13
github.com/junjiewwang/service-template/pkg/generator/devops.go:85.61,145.2 1 11
github.com/junjiewwang/service-template/pkg/generator/devops.go:148.58,150.21 2 30
github.com/junjiewwang/service-template/pkg/generator/devops.go:150.21,152.3 1 15
github.com/junjiewwang/service-template/pkg/generator/devops.go:153.2,153.28 1 15
github.com/junjiewwang/service-template/pkg/generator/devops.go:157.62,158.18 1 19
github.com/junjiewwang/service-template/pkg/generator/devops.go:159.12,160.25 1 3
github.com/junjiewwang/service-template/pkg/generator/devops.go:161.16,162.29 1 3
github.com/junjiewwang/service-template/pkg/generator/devops.go:163.16,164.30 1 3
github.com/junjiewwang/service-template/pkg/generator/devops.go:165.14,166.27 1 2
github.com/junjiewwang/service-template/pkg/generator/devops.go:167.10,168.18 1 8
github.com/junjiewwang/service-template/pkg/generator/dockerfile.go:21.139,28.2 1 13
github.com/junjiewwang/service-template/pkg/generator/dockerfile.go:31.69,36.56 3 14
github.com/junjiewwang/service-template/pkg/generator/dockerfile.go:36.56,38.3 1 0
github.com/junjiewwang/service-template/pkg/generator/dockerfile.go:38.8,41.64 2 14
github.com/junjiewwang/service-template/pkg/generator/dockerfile.go:41.64,43.4 1 0
github.com/junjiewwang/service-template/pkg/generator/dockerfile.go:43.9,46.4 1 14
github.com/junjiewwang/service-template/pkg/generator/dockerfile.go:50.2,52.55 2 14
github.com/junjiewwang/service-template/pkg/generator/dockerfile.go:56.87,65.21 5 14
github.com/junjiewwang/service-template/pkg/generator/dockerfile.go:65.21,68.3 2 7
github.com/junjiewwang/service-template/pkg/generator/dockerfile.go:68.8,71.3 2 7
github.com/junjiewwang/service-template/pkg/generator/dockerfile.go:74.2,91.42 10 14
github.com/junjiewwang/service-template/pkg/generator/dockerfile.go:91.42,96.3 2 2
github.com/junjiewwang/service-template/pkg/generator/dockerfile.go:97.2,101.46 3 14
github.com/junjiewwang/service-template/pkg/generator/dockerfile.go:101.46,102.18 1 14
github.com/junjiewwang/service-template/pkg/generator/dockerfile.go:102.18,104.4 1 2
github.com/junjiewwang/service-template/pkg/generator/dockerfile.go:106.2,111.13 3 14
github.com/junjiewwang/service-template/pkg/generator/dockerfile.go:115.69,240.2 1 14
github.com/junjiewwang/service-template/pkg/generator/dockerfile.go:243.65,244.47 1 14
github.com/junjiewwang/service-template/pkg/generator/dockerfile.go:244.47,247.3 1 2
github.com/junjiewwang/service-template/pkg/generator/dockerfile.go:249.2,249.45 1 12
github.com/junjiewwang/service-template/pkg/generator/dockerfile.go:253.62,254.32 1 14
github.com/junjiewwang/service-template/pkg/generator/dockerfile.go:255.12,256.27 1 2
github.com/junjiewwang/service-template/pkg/generator/dockerfile.go:257.16,258.43 1 0
github.com/junjiewwang/service-template/pkg/generator/dockerfile.go:259.16,260.23 1 0
github.com/junjiewwang/service-template/pkg/generator/dockerfile.go:261.14,262.37 1 0
github.com/junjiewwang/service-template/pkg/generator/dockerfile.go:263.10,264.52 1 12
github.com/junjiewwang/service-template/pkg/generator/dockerfile.go:271.58,272.18 1 7
github.com/junjiewwang/service-template/pkg/generator/dockerfile.go:273.12,274.38 1 3
github.com/junjiewwang/service-template/pkg/generator/dockerfile.go:275.16,276.38 1 1
github.com/junjiewwang/service-template/pkg/generator/dockerfile.go:277.16,278.55 1 1
github.com/junjiewwang/service-template/pkg/generator/dockerfile.go:279.14,280.29 1 1
github.com/junjiewwang/service-template/pkg/generator/dockerfile.go:281.10,282.20 1 1
github.com/junjiewwang/service-template/pkg/generator/dockerfile.go:287.48,290.44 2 21
github.com/junjiewwang/service-template/pkg/generator/dockerfile.go:290.44,292.3 1 3
github.com/junjiewwang/service-template/pkg/generator/dockerfile.go:292.8,292.93 1 18
github.com/junjiewwang/service-template/pkg/generator/dockerfile.go:292.93,294.3 1 2
github.com/junjiewwang/service-template/pkg/generator/dockerfile.go:294.8,294.136 1 16
github.com/junjiewwang/service-template/pkg/generator/dockerfile.go:294.136,296.3 1 2
github.com/junjiewwang/service-template/pkg/generator/dockerfile.go:296.8,296.51 1 14
github.com/junjiewwang/service-template/pkg/generator/dockerfile.go:296.51,298.3 1 1
github.com/junjiewwang/service-template/pkg/generator/dockerfile.go:301.2,301.14 1 13
github.com/junjiewwang/service-template/pkg/generator/generator.go:23.89,31.2 1 6
github.com/junjiewwang/service-template/pkg/generator/generator.go:34.38,39.55 2 6
github.com/junjiewwang/service-template/pkg/generator/generator.go:39.55,41.3 1 0
github.com/junjiewwang/service-template/pkg/generator/generator.go:44.2,44.48 1 6
github.com/junjiewwang/service-template/pkg/generator/generator.go:44.48,46.3 1 0
github.com/junjiewwang/service-template/pkg/generator/generator.go:49.2,49.44 1 6
github.com/junjiewwang/service-template/pkg/generator/generator.go:49.44,51.3 1 0
github.com/junjiewwang/service-template/pkg/generator/generator.go:54.2,54.45 1 6
github.com/junjiewwang/service-template/pkg/generator/generator.go:54.45,56.3 1 0
github.com/junjiewwang/service-template/pkg/generator/generator.go:59.2,59.44 1 6
github.com/junjiewwang/service-template/pkg/generator/generator.go:59.44,61.3 1 0
github.com/junjiewwang/service-template/pkg/generator/generator.go:64.2,64.42 1 6
github.com/junjiewwang/service-template/pkg/generator/generator.go:64.42,66.3 1 0
github.com/junjiewwang/service-template/pkg/generator/generator.go:69.2,69.43 1 6
github.com/junjiewwang/service-template/pkg/generator/generator.go:69.43,71.3 1 0
github.com/junjiewwang/service-template/pkg/generator/generator.go:74.2,74.95 1 6
github.com/junjiewwang/service-template/pkg/generator/generator.go:74.95,75.47 1 2
github.com/junjiewwang/service-template/pkg/generator/generator.go:75.47,77.4 1 0
github.com/junjiewwang/service-template/pkg/generator/generator.go:80.2,81.12 2 6
github.com/junjiewwang/service-template/pkg/generator/generator.go:85.49,90.57 3 6
github.com/junjiewwang/service-template/pkg/generator/generator.go:90.57,92.3 1 0
github.com/junjiewwang/service-template/pkg/generator/generator.go:94.2,94.37 1 6
github.com/junjiewwang/service-template/pkg/generator/generator.go:94.37,99.17 4 12
github.com/junjiewwang/service-template/pkg/generator/generator.go:99.17,101.4 1 0
github.com/junjiewwang/service-template/pkg/generator/generator.go:104.3,106.62 3 12
github.com/junjiewwang/service-template/pkg/generator/generator.go:106.62,108.4 1 0
github.com/junjiewwang/service-template/pkg/generator/generator.go:110.3,110.82 1 12
github.com/junjiewwang/service-template/pkg/generator/generator.go:113.2,113.12 1 6
github.com/junjiewwang/service-template/pkg/generator/generator.go:117.45,120.16 3 6
github.com/junjiewwang/service-template/pkg/generator/generator.go:120.16,122.3 1 0
github.com/junjiewwang/service-template/pkg/generator/generator.go:124.2,125.61 2 6
github.com/junjiewwang/service-template/pkg/generator/generator.go:125.61,127.3 1 0
github.com/junjiewwang/service-template/pkg/generator/generator.go:129.2,130.12 2 6
github.com/junjiewwang/service-template/pkg/generator/generator.go:134.46,137.16 3 6
github.com/junjiewwang/service-template/pkg/generator/generator.go:137.16,139.3 1 0
github.com/junjiewwang/service-template/pkg/generator/generator.go:141.2,142.61 2 6
github.com/junjiewwang/service-template/pkg/generator/generator.go:142.61,144.3 1 0
github.com/junjiewwang/service-template/pkg/generator/generator.go:146.2,147.12 2 6
github.com/junjiewwang/service-template/pkg/generator/generator.go:151.45,163.33 3 6
github.com/junjiewwang/service-template/pkg/generator/generator.go:163.33,165.17 2 18
github.com/junjiewwang/service-template/pkg/generator/generator.go:165.17,167.4 1 0
github.com/junjiewwang/service-template/pkg/generator/generator.go:169.3,170.69 2 18
github.com/junjiewwang/service-template/pkg/generator/generator.go:170.69,172.4 1 0
github.com/junjiewwang/service-template/pkg/generator/generator.go:174.3,174.62 1 18
github.com/junjiewwang/service-template/pkg/generator/generator.go:174.62,176.4 1 0
github.com/junjiewwang/service-template/pkg/generator/generator.go:179.3,179.41 1 18
github.com/junjiewwang/service-template/pkg/generator/generator.go:179.41,180.53 1 18
github.com/junjiewwang/service-template/pkg/generator/generator.go:180.53,182.5 1 0
github.com/junjiewwang/service-template/pkg/generator/generator.go:185.3,185.48 1 18
github.com/junjiewwang/service-template/pkg/generator/generator.go:188.2,188.12 1 6
github.com/junjiewwang/service-template/pkg/generator/generator.go:192.43,194.52 2 6
github.com/junjiewwang/service-template/pkg/generator/generator.go:194.52,196.3 1 0
github.com/junjiewwang/service-template/pkg/generator/generator.go:199.2,200.16 2 6
github.com/junjiewwang/service-template/pkg/generator/generator.go:200.16,202.3 1 0
github.com/junjiewwang/service-template/pkg/generator/generator.go:204.2,205.77 2 6
github.com/junjiewwang/service-template/pkg/generator/generator.go:205.77,207.3 1 0
github.com/junjiewwang/service-template/pkg/generator/generator.go:208.2,208.56 1 6
github.com/junjiewwang/service-template/pkg/generator/generator.go:208.56,210.3 1 0
github.com/junjiewwang/service-template/pkg/generator/generator.go:211.2,215.16 3 6
github.com/junjiewwang/service-template/pkg/generator/generator.go:215.16,217.3 1 0
github.com/junjiewwang/service-template/pkg/generator/generator.go:219.2,220.65 2 6
github.com/junjiewwang/service-template/pkg/generator/generator.go:220.65,222.3 1 0
github.com/junjiewwang/service-template/pkg/generator/generator.go:223.2,223.50 1 6
github.com/junjiewwang/service-template/pkg/generator/generator.go:223.50,225.3 1 0
github.com/junjiewwang/service-template/pkg/generator/generator.go:226.2,228.12 2 6
github.com/junjiewwang/service-template/pkg/generator/generator.go:232.65,236.51 3 6
github.com/junjiewwang/service-template/pkg/generator/generator.go:236.51,238.3 1 0
github.com/junjiewwang/service-template/pkg/generator/generator.go:238.8,238.56 1 6
github.com/junjiewwang/service-template/pkg/generator/generator.go:238.56,244.3 1 0
github.com/junjiewwang/service-template/pkg/generator/generator.go:244.8,249.3 1 6
github.com/junjiewwang/service-template/pkg/generator/generator.go:251.2,251.47 1 6
github.com/junjiewwang/service-template/pkg/generator/generator.go:255.59,258.2 2 6
github.com/junjiewwang/service-template/pkg/generator/generator.go:261.44,264.16 3 6
github.com/junjiewwang/service-template/pkg/generator/generator.go:264.16,266.3 1 0
github.com/junjiewwang/service-template/pkg/generator/generator.go:268.2,269.50 2 6
github.com/junjiewwang/service-template/pkg/generator/generator.go:269.50,271.3 1 0
github.com/junjiewwang/service-template/pkg/generator/generator.go:273.2,274.61 2 6
github.com/junjiewwang/service-template/pkg/generator/generator.go:274.61,276.3 1 0
github.com/junjiewwang/service-template/pkg/generator/generator.go:278.2,279.12 2 6
github.com/junjiewwang/service-template/pkg/generator/generator.go:283.47,286.16 3 2
github.com/junjiewwang/service-template/pkg/generator/generator.go:286.16,288.3 1 0
github.com/junjiewwang/service-template/pkg/generator/generator.go:290.2,291.50 2 2
github.com/junjiewwang/service-template/pkg/generator/generator.go:291.50,293.3 1 0
github.com/junjiewwang/service-template/pkg/generator/generator.go:295.2,296.61 2 2
github.com/junjiewwang/service-template/pkg/generator/generator.go:296.61,298.3 1 0
github.com/junjiewwang/service-template/pkg/generator/generator.go:300.2,301.12 2 2
github.com/junjiewwang/service-template/pkg/generator/makefile.go:16.135,23.2 1 8
github.com/junjiewwang/service-template/pkg/generator/makefile.go:26.56,34.2 3 8
github.com/junjiewwang/service-template/pkg/generator/makefile.go:37.74,57.2 12 8
github.com/junjiewwang/service-template/pkg/generator/makefile.go:60.65,143.2 1 8
github.com/junjiewwang/service-template/pkg/generator/scripts.go:16.133,23.2 1 11
github.com/junjiewwang/service-template/pkg/generator/scripts.go:26.66,56.2 3 7
github.com/junjiewwang/service-template/pkg/generator/scripts.go:59.72,91.2 3 9
github.com/junjiewwang/service-template/pkg/generator/scripts.go:94.70,100.42 3 7
github.com/junjiewwang/service-template/pkg/generator/scripts.go:100.42,104.3 3 2
github.com/junjiewwang/service-template/pkg/generator/scripts.go:106.2,126.48 3 7
github.com/junjiewwang/service-template/pkg/generator/template.go:18.42,27.2 3 28
github.com/junjiewwang/service-template/pkg/generator/template.go:30.47,32.82 1 28
github.com/junjiewwang/service-template/pkg/generator/template.go:32.82,34.32 2 1
github.com/junjiewwang/service-template/pkg/generator/template.go:34.32,37.4 2 1
github.com/junjiewwang/service-template/pkg/generator/template.go:38.3,38.16 1 1
github.com/junjiewwang/service-template/pkg/generator/template.go:42.2,42.72 1 28
github.com/junjiewwang/service-template/pkg/generator/template.go:42.72,44.27 2 0
github.com/junjiewwang/service-template/pkg/generator/template.go:44.27,46.4 1 0
github.com/junjiewwang/service-template/pkg/generator/template.go:47.3,47.35 1 0
github.com/junjiewwang/service-template/pkg/generator/template.go:51.2,51.66 1 28
github.com/junjiewwang/service-template/pkg/generator/template.go:51.66,54.30 3 1
github.com/junjiewwang/service-template/pkg/generator/template.go:54.30,55.18 1 3
github.com/junjiewwang/service-template/pkg/generator/template.go:55.18,57.5 1 3
github.com/junjiewwang/service-template/pkg/generator/template.go:59.3,59.35 1 1
github.com/junjiewwang/service-template/pkg/generator/template.go:64.102,66.16 2 72
github.com/junjiewwang/service-template/pkg/generator/template.go:66.16,68.3 1 1
github.com/junjiewwang/service-template/pkg/generator/template.go:70.2,71.49 2 71
github.com/junjiewwang/service-template/pkg/generator/template.go:71.49,73.3 1 0
github.com/junjiewwang/service-template/pkg/generator/template.go:75.2,75.26 1 71
github.com/junjiewwang/service-template/pkg/generator/template.go:79.116,81.16 2 0
github.com/junjiewwang/service-template/pkg/generator/template.go:81.16,83.3 1 0
github.com/junjiewwang/service-template/pkg/generator/template.go:85.2,86.49 2 0
github.com/junjiewwang/service-template/pkg/generator/template.go:86.49,88.3 1 0
github.com/junjiewwang/service-template/pkg/generator/template.go:90.2,90.26 1 0
github.com/junjiewwang/service-template/pkg/generator/template.go:94.75,96.31 2 22
github.com/junjiewwang/service-template/pkg/generator/template.go:96.31,99.3 2 517
github.com/junjiewwang/service-template/pkg/generator/template.go:100.2,100.15 1 22
github.com/junjiewwang/service-template/pkg/generator/variables.go:49.57,63.32 2 30
github.com/junjiewwang/service-template/pkg/generator/variables.go:63.32,65.3 1 18
github.com/junjiewwang/service-template/pkg/generator/variables.go:68.2,69.41 2 30
github.com/junjiewwang/service-template/pkg/generator/variables.go:69.41,71.3 1 20
github.com/junjiewwang/service-template/pkg/generator/variables.go:72.2,78.13 4 30
github.com/junjiewwang/service-template/pkg/generator/variables.go:82.62,85.21 3 14
github.com/junjiewwang/service-template/pkg/generator/variables.go:85.21,87.3 1 7
github.com/junjiewwang/service-template/pkg/generator/variables.go:87.8,87.28 1 7
github.com/junjiewwang/service-template/pkg/generator/variables.go:87.28,89.3 1 7
github.com/junjiewwang/service-template/pkg/generator/variables.go:90.2,90.17 1 14
github.com/junjiewwang/service-template/pkg/generator/variables.go:94.71,101.2 6 5
github.com/junjiewwang/service-template/pkg/generator/variables.go:104.52,139.2 1 18
github.com/junjiewwang/service-template/pkg/utils/file.go:10.44,13.47 2 4
github.com/junjiewwang/service-template/pkg/utils/file.go:13.47,15.3 1 0
github.com/junjiewwang/service-template/pkg/utils/file.go:18.2,18.66 1 4
github.com/junjiewwang/service-template/pkg/utils/file.go:18.66,20.3 1 0
github.com/junjiewwang/service-template/pkg/utils/file.go:22.2,22.12 1 4
github.com/junjiewwang/service-template/pkg/utils/file.go:26.35,29.2 2 3
github.com/junjiewwang/service-template/pkg/utils/file.go:32.34,34.16 2 3
github.com/junjiewwang/service-template/pkg/utils/file.go:34.16,36.3 1 2
github.com/junjiewwang/service-template/pkg/utils/file.go:37.2,37.21 1 1
github.com/junjiewwang/service-template/pkg/utils/file.go:41.35,42.22 1 3
github.com/junjiewwang/service-template/pkg/utils/file.go:42.22,43.49 1 2
github.com/junjiewwang/service-template/pkg/utils/file.go:43.49,45.4 1 0
github.com/junjiewwang/service-template/pkg/utils/file.go:47.2,47.12 1 3
github.com/junjiewwang/service-template/pkg/utils/file.go:51.54,54.47 2 2
github.com/junjiewwang/service-template/pkg/utils/file.go:54.47,56.3 1 0
github.com/junjiewwang/service-template/pkg/utils/file.go:59.2,59.66 1 2
github.com/junjiewwang/service-template/pkg/utils/file.go:59.66,61.3 1 0
github.com/junjiewwang/service-template/pkg/utils/file.go:63.2,63.12 1 2
github.com/junjiewwang/service-template/pkg/utils/file.go:67.38,69.16 2 0
github.com/junjiewwang/service-template/pkg/utils/file.go:69.16,71.3 1 0
github.com/junjiewwang/service-template/pkg/utils/file.go:73.2,73.53 1 0
github.com/junjiewwang/service-template/pkg/utils/file.go:73.53,75.3 1 0
github.com/junjiewwang/service-template/pkg/utils/file.go:77.2,77.12 1 0
github.com/junjiewwang/service-template/main.go:5.13,8.2 1 0
